<?xml version="1.0" encoding="UTF-8"?>
<!-- Generated by org.testng.reporters.JUnitReportReporter -->
<testsuite hostname="Rev-RyanSchlientz" name="com.revature.behaviortests.TestRunner" tests="2" failures="0" timestamp="24 Jan 2020 16:04:19 GMT" time="12.108" errors="0">
  <testcase name="feature" time="5.403" classname="com.revature.behaviortests.TestRunner"/>
  <testcase name="feature" time="6.705" classname="com.revature.behaviortests.TestRunner"/>
</testsuite> <!-- com.revature.behaviortests.TestRunner -->
