<?xml version="1.0" encoding="UTF-8"?>
<!-- Generated by org.testng.reporters.JUnitReportReporter -->
<testsuite hostname="Rev-RyanSchlientz" name="com.revature.charactertesting.CharacterSearchTest" tests="3" failures="0" timestamp="24 Jan 2020 16:04:19 GMT" time="6.378" errors="0">
  <testcase name="characterExists" time="2.044" classname="com.revature.charactertesting.CharacterSearchTest"/>
  <testcase name="characterExists" time="2.649" classname="com.revature.charactertesting.CharacterSearchTest"/>
  <testcase name="characterExists" time="1.685" classname="com.revature.charactertesting.CharacterSearchTest"/>
</testsuite> <!-- com.revature.charactertesting.CharacterSearchTest -->
